<?xml version="1.0" encoding="UTF-8" ?>
<testsuite tests="8" failures="8" name="uk.ac.cam.cl.hh497.syncframe.SyncMechLockTest" time="0.047" errors="0" skipped="0">
  <properties>
[...]
</properties>
  <testcase classname="uk.ac.cam.cl.hh497.syncframe.SyncMechLockTest" name="uk.ac.cam.cl.hh497.syncframe.SyncMechLockTest.testLockedWrite" time="0.005">
    <failure type="java.lang.NullPointerException">java.lang.NullPointerException
	at uk.ac.cam.cl.hh497.syncframe.SyncMechLockTest.testLockedWrite(SyncMechLockTest.java:101)
</failure>
    <system-out>LockedWrite
</system-out>
  </testcase>
  <testcase classname="uk.ac.cam.cl.hh497.syncframe.SyncMechLockTest" name="uk.ac.cam.cl.hh497.syncframe.SyncMechLockTest.testRead" time="0.001">
    <failure type="java.lang.NullPointerException">java.lang.NullPointerException
	at uk.ac.cam.cl.hh497.syncframe.SyncMechLockTest.testRead(SyncMechLockTest.java:115)
</failure>
    <system-out>Read
</system-out>
  </testcase>
  <testcase classname="uk.ac.cam.cl.hh497.syncframe.SyncMechLockTest" name="uk.ac.cam.cl.hh497.syncframe.SyncMechLockTest.testWrite" time="0">
    <failure type="java.lang.NullPointerException">java.lang.NullPointerException
	at uk.ac.cam.cl.hh497.syncframe.SyncMechLockTest.testWrite(SyncMechLockTest.java:131)
</failure>
    <system-out>Write
</system-out>
  </testcase>
  <testcase classname="uk.ac.cam.cl.hh497.syncframe.SyncMechLockTest" name="uk.ac.cam.cl.hh497.syncframe.SyncMechLockTest.testCleanUp" time="0">
    <failure type="java.lang.NullPointerException">java.lang.NullPointerException
	at uk.ac.cam.cl.hh497.syncframe.SyncMechLockTest.testCleanUp(SyncMechLockTest.java:145)
</failure>
    <system-out>CleanUp
</system-out>
  </testcase>
  <testcase classname="uk.ac.cam.cl.hh497.syncframe.SyncMechLockTest" name="uk.ac.cam.cl.hh497.syncframe.SyncMechLockTest.testGetName" time="0.038">
    <failure message="expected: &lt;&gt; but was: &lt;Mutual Exclusion Lock&gt;" type="org.opentest4j.AssertionFailedError">org.opentest4j.AssertionFailedError: expected: &lt;&gt; but was: &lt;Mutual Exclusion Lock&gt;
	at org.junit.jupiter.api.AssertionUtils.fail(AssertionUtils.java:54)
	at org.junit.jupiter.api.AssertEquals.failNotEqual(AssertEquals.java:195)
	at org.junit.jupiter.api.AssertEquals.assertEquals(AssertEquals.java:184)
	at org.junit.jupiter.api.AssertEquals.assertEquals(AssertEquals.java:179)
	at org.junit.jupiter.api.Assertions.assertEquals(Assertions.java:508)
	at uk.ac.cam.cl.hh497.syncframe.SyncMechLockTest.testGetName(SyncMechLockTest.java:48)
</failure>
    <system-out>getName
Sync Lock registering
</system-out>
  </testcase>
  <testcase classname="uk.ac.cam.cl.hh497.syncframe.SyncMechLockTest" name="uk.ac.cam.cl.hh497.syncframe.SyncMechLockTest.testLockAcquire" time="0.001">
    <failure type="java.lang.NullPointerException">java.lang.NullPointerException
	at uk.ac.cam.cl.hh497.syncframe.SyncMechLockTest.testLockAcquire(SyncMechLockTest.java:60)
</failure>
    <system-out>LockAcquire
</system-out>
  </testcase>
  <testcase classname="uk.ac.cam.cl.hh497.syncframe.SyncMechLockTest" name="uk.ac.cam.cl.hh497.syncframe.SyncMechLockTest.testLockRelease" time="0.001">
    <failure type="java.lang.NullPointerException">java.lang.NullPointerException
	at uk.ac.cam.cl.hh497.syncframe.SyncMechLockTest.testLockRelease(SyncMechLockTest.java:72)
</failure>
    <system-out>LockRelease
</system-out>
  </testcase>
  <testcase classname="uk.ac.cam.cl.hh497.syncframe.SyncMechLockTest" name="uk.ac.cam.cl.hh497.syncframe.SyncMechLockTest.testLockedRead" time="0.001">
    <failure type="java.lang.NullPointerException">java.lang.NullPointerException
	at uk.ac.cam.cl.hh497.syncframe.SyncMechLockTest.testLockedRead(SyncMechLockTest.java:85)
</failure>
    <system-out>LockedRead
</system-out>
  </testcase>
</testsuite>