<?xml version="1.0" encoding="UTF-8" ?>
<testsuite tests="6" failures="6" name="uk.ac.cam.cl.hh497.syncframe.SynchroniserTest" time="0.04" errors="0" skipped="0">
  <properties>
[...]
</properties>
  <testcase classname="uk.ac.cam.cl.hh497.syncframe.SynchroniserTest" name="uk.ac.cam.cl.hh497.syncframe.SynchroniserTest.testListSyncMechs" time="0.039">
    <failure message="expected: &lt;null&gt; but was: &lt;[]&gt;" type="org.opentest4j.AssertionFailedError">org.opentest4j.AssertionFailedError: expected: &lt;null&gt; but was: &lt;[]&gt;
	at org.junit.jupiter.api.AssertionUtils.fail(AssertionUtils.java:54)
	at org.junit.jupiter.api.AssertEquals.failNotEqual(AssertEquals.java:195)
	at org.junit.jupiter.api.AssertEquals.assertEquals(AssertEquals.java:184)
	at org.junit.jupiter.api.AssertEquals.assertEquals(AssertEquals.java:179)
	at org.junit.jupiter.api.Assertions.assertEquals(Assertions.java:508)
	at uk.ac.cam.cl.hh497.syncframe.SynchroniserTest.testListSyncMechs(SynchroniserTest.java:102)
</failure>
    <system-out>ListSyncMechs
</system-out>
  </testcase>
  <testcase classname="uk.ac.cam.cl.hh497.syncframe.SynchroniserTest" name="uk.ac.cam.cl.hh497.syncframe.SynchroniserTest.testRegisterNewSyncMech" time="0.001">
    <failure message="The test case is a prototype." type="org.opentest4j.AssertionFailedError">org.opentest4j.AssertionFailedError: The test case is a prototype.
	at org.junit.jupiter.api.AssertionUtils.fail(AssertionUtils.java:38)
	at org.junit.jupiter.api.Assertions.fail(Assertions.java:84)
	at uk.ac.cam.cl.hh497.syncframe.SynchroniserTest.testRegisterNewSyncMech(SynchroniserTest.java:91)
</failure>
    <system-out>RegisterNewSyncMech
</system-out>
  </testcase>
  <testcase classname="uk.ac.cam.cl.hh497.syncframe.SynchroniserTest" name="uk.ac.cam.cl.hh497.syncframe.SynchroniserTest.testInitialise" time="0">
    <failure message="expected: &lt;false&gt; but was: &lt;true&gt;" type="org.opentest4j.AssertionFailedError">org.opentest4j.AssertionFailedError: expected: &lt;false&gt; but was: &lt;true&gt;
	at org.junit.jupiter.api.AssertionUtils.fail(AssertionUtils.java:54)
	at org.junit.jupiter.api.AssertEquals.failNotEqual(AssertEquals.java:195)
	at org.junit.jupiter.api.AssertEquals.assertEquals(AssertEquals.java:184)
	at org.junit.jupiter.api.AssertEquals.assertEquals(AssertEquals.java:179)
	at org.junit.jupiter.api.Assertions.assertEquals(Assertions.java:508)
	at uk.ac.cam.cl.hh497.syncframe.SynchroniserTest.testInitialise(SynchroniserTest.java:117)
</failure>
    <system-out>Initialise
</system-out>
  </testcase>
  <testcase classname="uk.ac.cam.cl.hh497.syncframe.SynchroniserTest" name="uk.ac.cam.cl.hh497.syncframe.SynchroniserTest.testWrite" time="0">
    <failure type="java.lang.NullPointerException">java.lang.NullPointerException
	at uk.ac.cam.cl.hh497.syncframe.Synchroniser.Write(Synchroniser.java:56)
	at uk.ac.cam.cl.hh497.syncframe.SynchroniserTest.testWrite(SynchroniserTest.java:131)
</failure>
    <system-out>Write
</system-out>
  </testcase>
  <testcase classname="uk.ac.cam.cl.hh497.syncframe.SynchroniserTest" name="uk.ac.cam.cl.hh497.syncframe.SynchroniserTest.testRead" time="0">
    <failure type="java.lang.NullPointerException">java.lang.NullPointerException
	at uk.ac.cam.cl.hh497.syncframe.Synchroniser.Read(Synchroniser.java:60)
	at uk.ac.cam.cl.hh497.syncframe.SynchroniserTest.testRead(SynchroniserTest.java:145)
</failure>
    <system-out>Read
</system-out>
  </testcase>
  <testcase classname="uk.ac.cam.cl.hh497.syncframe.SynchroniserTest" name="uk.ac.cam.cl.hh497.syncframe.SynchroniserTest.testDeSync" time="0">
    <failure type="java.lang.NullPointerException">java.lang.NullPointerException
	at uk.ac.cam.cl.hh497.syncframe.Synchroniser.DeSync(Synchroniser.java:64)
	at uk.ac.cam.cl.hh497.syncframe.SynchroniserTest.testDeSync(SynchroniserTest.java:159)
</failure>
    <system-out>DeSync
</system-out>
  </testcase>
</testsuite>