-------------------------------------------------------------------------------
Test set: uk.ac.cam.cl.hh497.syncframe.SynchroniserTest
-------------------------------------------------------------------------------
Tests run: 6, Failures: 6, Errors: 0, Skipped: 0, Time elapsed: 0.046 sec <<< FAILURE!
uk.ac.cam.cl.hh497.syncframe.SynchroniserTest.testListSyncMechs()  Time elapsed: 0.039 sec  <<< FAILURE!
org.opentest4j.AssertionFailedError: expected: <null> but was: <[]>
	at org.junit.jupiter.api.AssertionUtils.fail(AssertionUtils.java:54)
	at org.junit.jupiter.api.AssertEquals.failNotEqual(AssertEquals.java:195)
	at org.junit.jupiter.api.AssertEquals.assertEquals(AssertEquals.java:184)
	at org.junit.jupiter.api.AssertEquals.assertEquals(AssertEquals.java:179)
	at org.junit.jupiter.api.Assertions.assertEquals(Assertions.java:508)
	at uk.ac.cam.cl.hh497.syncframe.SynchroniserTest.testListSyncMechs(SynchroniserTest.java:102)

uk.ac.cam.cl.hh497.syncframe.SynchroniserTest.testRegisterNewSyncMech()  Time elapsed: 0.001 sec  <<< FAILURE!
org.opentest4j.AssertionFailedError: The test case is a prototype.
	at org.junit.jupiter.api.AssertionUtils.fail(AssertionUtils.java:38)
	at org.junit.jupiter.api.Assertions.fail(Assertions.java:84)
	at uk.ac.cam.cl.hh497.syncframe.SynchroniserTest.testRegisterNewSyncMech(SynchroniserTest.java:91)

uk.ac.cam.cl.hh497.syncframe.SynchroniserTest.testInitialise()  Time elapsed: 0 sec  <<< FAILURE!
org.opentest4j.AssertionFailedError: expected: <false> but was: <true>
	at org.junit.jupiter.api.AssertionUtils.fail(AssertionUtils.java:54)
	at org.junit.jupiter.api.AssertEquals.failNotEqual(AssertEquals.java:195)
	at org.junit.jupiter.api.AssertEquals.assertEquals(AssertEquals.java:184)
	at org.junit.jupiter.api.AssertEquals.assertEquals(AssertEquals.java:179)
	at org.junit.jupiter.api.Assertions.assertEquals(Assertions.java:508)
	at uk.ac.cam.cl.hh497.syncframe.SynchroniserTest.testInitialise(SynchroniserTest.java:117)

uk.ac.cam.cl.hh497.syncframe.SynchroniserTest.testWrite()  Time elapsed: 0 sec  <<< FAILURE!
java.lang.NullPointerException
	at uk.ac.cam.cl.hh497.syncframe.Synchroniser.Write(Synchroniser.java:56)
	at uk.ac.cam.cl.hh497.syncframe.SynchroniserTest.testWrite(SynchroniserTest.java:131)

uk.ac.cam.cl.hh497.syncframe.SynchroniserTest.testRead()  Time elapsed: 0 sec  <<< FAILURE!
java.lang.NullPointerException
	at uk.ac.cam.cl.hh497.syncframe.Synchroniser.Read(Synchroniser.java:60)
	at uk.ac.cam.cl.hh497.syncframe.SynchroniserTest.testRead(SynchroniserTest.java:145)

uk.ac.cam.cl.hh497.syncframe.SynchroniserTest.testDeSync()  Time elapsed: 0 sec  <<< FAILURE!
java.lang.NullPointerException
	at uk.ac.cam.cl.hh497.syncframe.Synchroniser.DeSync(Synchroniser.java:64)
	at uk.ac.cam.cl.hh497.syncframe.SynchroniserTest.testDeSync(SynchroniserTest.java:159)

